<?xml version="1.0" encoding="UTF-8"?>
<testsuite xmlns:xsi="http://www.w3.org/2001/XMLSchema-instance" xsi:noNamespaceSchemaLocation="https://maven.apache.org/surefire/maven-surefire-plugin/xsd/surefire-test-report-3.0.xsd" version="3.0" name="com.experis.sofia.bankportal.account.JpaAccountReserveAdapterIT" time="0.138" tests="5" errors="0" skipped="0" failures="0">
  <properties>
[...]
</properties>
  <testcase name="balanceQueries_reflectStateAndDefaultZero" classname="com.experis.sofia.bankportal.account.JpaAccountReserveAdapterIT" time="0.035"/>
  <testcase name="reserve_decrementsAvailable_incrementsRetained" classname="com.experis.sofia.bankportal.account.JpaAccountReserveAdapterIT" time="0.019"/>
  <testcase name="release_isInverseOfReserve" classname="com.experis.sofia.bankportal.account.JpaAccountReserveAdapterIT" time="0.019"/>
  <testcase name="reserve_overAvailable_throwsInsufficientFunds" classname="com.experis.sofia.bankportal.account.JpaAccountReserveAdapterIT" time="0.018">
    <system-out><![CDATA[2026-05-08T10:25:22.427+02:00  INFO 89160 --- [           main] c.e.s.b.a.i.JpaAccountReserveAdapter     : savings.reserve.failed accountId=00000000-0000-0000-0000-000000000299 amount=10000.01 reason=INSUFFICIENT_FUNDS
]]></system-out>
  </testcase>
  <testcase name="transferReserved_decrementsRetainedOnly" classname="com.experis.sofia.bankportal.account.JpaAccountReserveAdapterIT" time="0.017"/>
</testsuite>